# JRE version: 7.0_17-b02
# Java VM: Java HotSpot(TM) 64-Bit Server VM (23.7-b01 mixed mode windows-amd64 compressed oops)
Heap
 par new generation   total 55296K, used 2588K [0x0000000778000000, 0x000000077bc00000, 0x000000077bc00000)
  eden space 49152K,   2% used [0x0000000778000000, 0x0000000778122d40, 0x000000077b000000)
  from space 6144K,  23% used [0x000000077b600000, 0x000000077b764640, 0x000000077bc00000)
  to   space 6144K,   0% used [0x000000077b000000, 0x000000077b000000, 0x000000077b600000)
 concurrent mark-sweep generation total 69632K, used 38826K [0x000000077bc00000, 0x0000000780000000, 0x00000007f8000000)
 concurrent-mark-sweep perm gen total 131072K, used 54360K [0x00000007f8000000, 0x0000000800000000, 0x0000000800000000)
GC Heap History (10 events):
Event: 83.662 GC heap after
Heap after GC invocations=226 (full 222):
 par new generation   total 55296K, used 0K [0x0000000778000000, 0x000000077bc00000, 0x000000077bc00000)
  eden space 49152K,   0% used [0x0000000778000000, 0x0000000778000000, 0x000000077b000000)
  from space 6144K,   0% used [0x000000077b600000, 0x000000077b600000, 0x000000077bc00000)
  to   space 6144K,   0% used [0x000000077b000000, 0x000000077b000000, 0x000000077b600000)
 concurrent mark-sweep generation total 69632K, used 38244K [0x000000077bc00000, 0x0000000780000000, 0x00000007f8000000)
 concurrent-mark-sweep perm gen total 131072K, used 54305K [0x00000007f8000000, 0x0000000800000000, 0x0000000800000000)
}
Event: 84.476 GC heap before
{Heap before GC invocations=226 (full 223):
 par new generation   total 55296K, used 49152K [0x0000000778000000, 0x000000077bc00000, 0x000000077bc00000)
  eden space 49152K, 100% used [0x0000000778000000, 0x000000077b000000, 0x000000077b000000)
  from space 6144K,   0% used [0x000000077b600000, 0x000000077b600000, 0x000000077bc00000)
  to   space 6144K,   0% used [0x000000077b000000, 0x000000077b000000, 0x000000077b600000)
 concurrent mark-sweep generation total 69632K, used 38244K [0x000000077bc00000, 0x0000000780000000, 0x00000007f8000000)
 concurrent-mark-sweep perm gen total 131072K, used 54344K [0x00000007f8000000, 0x0000000800000000, 0x0000000800000000)
Event: 84.482 GC heap after
Heap after GC invocations=227 (full 223):
 par new generation   total 55296K, used 3920K [0x0000000778000000, 0x000000077bc00000, 0x000000077bc00000)
  eden space 49152K,   0% used [0x0000000778000000, 0x0000000778000000, 0x000000077b000000)
  from space 6144K,  63% used [0x000000077b000000, 0x000000077b3d41f8, 0x000000077b600000)
  to   space 6144K,   0% used [0x000000077b600000, 0x000000077b600000, 0x000000077bc00000)
 concurrent mark-sweep generation total 69632K, used 38244K [0x000000077bc00000, 0x0000000780000000, 0x00000007f8000000)
 concurrent-mark-sweep perm gen total 131072K, used 54344K [0x00000007f8000000, 0x0000000800000000, 0x0000000800000000)
}
Event: 84.522 GC heap before
{Heap before GC invocations=227 (full 223):
 par new generation   total 55296K, used 7772K [0x0000000778000000, 0x000000077bc00000, 0x000000077bc00000)
  eden space 49152K,   7% used [0x0000000778000000, 0x00000007783c31b8, 0x000000077b000000)
  from space 6144K,  63% used [0x000000077b000000, 0x000000077b3d41f8, 0x000000077b600000)
  to   space 6144K,   0% used [0x000000077b600000, 0x000000077b600000, 0x000000077bc00000)
 concurrent mark-sweep generation total 69632K, used 38244K [0x000000077bc00000, 0x0000000780000000, 0x00000007f8000000)
 concurrent-mark-sweep perm gen total 131072K, used 54344K [0x00000007f8000000, 0x0000000800000000, 0x0000000800000000)
Event: 84.800 GC heap after
Heap after GC invocations=228 (full 224):
 par new generation   total 55296K, used 0K [0x0000000778000000, 0x000000077bc00000, 0x000000077bc00000)
  eden space 49152K,   0% used [0x0000000778000000, 0x0000000778000000, 0x000000077b000000)
  from space 6144K,   0% used [0x000000077b000000, 0x000000077b000000, 0x000000077b600000)
  to   space 6144K,   0% used [0x000000077b600000, 0x000000077b600000, 0x000000077bc00000)
 concurrent mark-sweep generation total 69632K, used 38483K [0x000000077bc00000, 0x0000000780000000, 0x00000007f8000000)
 concurrent-mark-sweep perm gen total 131072K, used 54343K [0x00000007f8000000, 0x0000000800000000, 0x0000000800000000)
}
Event: 84.932 GC heap before
{Heap before GC invocations=228 (full 224):
 par new generation   total 55296K, used 11839K [0x0000000778000000, 0x000000077bc00000, 0x000000077bc00000)
  eden space 49152K,  24% used [0x0000000778000000, 0x0000000778b8fe28, 0x000000077b000000)
  from space 6144K,   0% used [0x000000077b000000, 0x000000077b000000, 0x000000077b600000)
  to   space 6144K,   0% used [0x000000077b600000, 0x000000077b600000, 0x000000077bc00000)
 concurrent mark-sweep generation total 69632K, used 38483K [0x000000077bc00000, 0x0000000780000000, 0x00000007f8000000)
 concurrent-mark-sweep perm gen total 131072K, used 54345K [0x00000007f8000000, 0x0000000800000000, 0x0000000800000000)
Event: 85.210 GC heap after
Heap after GC invocations=229 (full 225):
 par new generation   total 55296K, used 0K [0x0000000778000000, 0x000000077bc00000, 0x000000077bc00000)
  eden space 49152K,   0% used [0x0000000778000000, 0x0000000778000000, 0x000000077b000000)
  from space 6144K,   0% used [0x000000077b000000, 0x000000077b000000, 0x000000077b600000)
  to   space 6144K,   0% used [0x000000077b600000, 0x000000077b600000, 0x000000077bc00000)
 concurrent mark-sweep generation total 69632K, used 38841K [0x000000077bc00000, 0x0000000780000000, 0x00000007f8000000)
 concurrent-mark-sweep perm gen total 131072K, used 54345K [0x00000007f8000000, 0x0000000800000000, 0x0000000800000000)
}
Event: 85.247 GC heap before
{Heap before GC invocations=229 (full 226):
 par new generation   total 55296K, used 1176K [0x0000000778000000, 0x000000077bc00000, 0x000000077bc00000)
  eden space 49152K,   2% used [0x0000000778000000, 0x00000007781261f0, 0x000000077b000000)
  from space 6144K,   0% used [0x000000077b000000, 0x000000077b000000, 0x000000077b600000)
  to   space 6144K,   0% used [0x000000077b600000, 0x000000077b600000, 0x000000077bc00000)
 concurrent mark-sweep generation total 69632K, used 38841K [0x000000077bc00000, 0x0000000780000000, 0x00000007f8000000)
 concurrent-mark-sweep perm gen total 131072K, used 54345K [0x00000007f8000000, 0x0000000800000000, 0x0000000800000000)
Event: 85.250 GC heap after
Heap after GC invocations=230 (full 226):
 par new generation   total 55296K, used 1425K [0x0000000778000000, 0x000000077bc00000, 0x000000077bc00000)
  eden space 49152K,   0% used [0x0000000778000000, 0x0000000778000000, 0x000000077b000000)
  from space 6144K,  23% used [0x000000077b600000, 0x000000077b764640, 0x000000077bc00000)
  to   space 6144K,   0% used [0x000000077b000000, 0x000000077b000000, 0x000000077b600000)
 concurrent mark-sweep generation total 69632K, used 38841K [0x000000077bc00000, 0x0000000780000000, 0x00000007f8000000)
 concurrent-mark-sweep perm gen total 131072K, used 54345K [0x00000007f8000000, 0x0000000800000000, 0x0000000800000000)
}
Event: 85.322 GC heap before
{Heap before GC invocations=230 (full 226):
 par new generation   total 55296K, used 2588K [0x0000000778000000, 0x000000077bc00000, 0x000000077bc00000)
  eden space 49152K,   2% used [0x0000000778000000, 0x0000000778122d40, 0x000000077b000000)
  from space 6144K,  23% used [0x000000077b600000, 0x000000077b764640, 0x000000077bc00000)
  to   space 6144K,   0% used [0x000000077b000000, 0x000000077b000000, 0x000000077b600000)
 concurrent mark-sweep generation total 69632K, used 38826K [0x000000077bc00000, 0x0000000780000000, 0x00000007f8000000)
 concurrent-mark-sweep perm gen total 131072K, used 54360K [0x00000007f8000000, 0x0000000800000000, 0x0000000800000000)

